<?xml version="1.0" encoding="UTF-8"?>
<con:soapui-project id="57597405-185a-4b41-b31e-cd9c19702b30" created="2.8.0" activeEnvironment="Default environment" name="Test localhost 1234" resourceRoot="" updated="3.1.0 2020-02-04T16:09:20Z" encryptionMode="Not encrypted" xmlns:con="http://eviware.com/soapui/config">
    <con:settings/>
    <con:interface xsi:type="con:RestService" id="2b9e0289-05d6-4a74-ab5e-1434e2aba4bb" wadlVersion="http://wadl.dev.java.net/2009/02" name="http://localhost:1234" type="rest" xmlns:xsi="http://www.w3.org/2001/XMLSchema-instance">
        <con:settings/>
        <con:definitionCache/>
        <con:endpoints>
            <con:endpoint>http://localhost:1234</con:endpoint>
        </con:endpoints>
        <con:resource name="" path="" id="15ff2ab2-3aaa-4dc8-abe6-69f1b22632fb">
            <con:settings/>
            <con:parameters/>
            <con:method name="" id="b0803dee-9aac-416a-ac48-f93ac74d17d3" method="GET">
                <con:settings/>
                <con:parameters/>
                <con:representation type="RESPONSE">
                    <con:mediaType xsi:nil="true"/>
                    <con:status>0</con:status>
                    <con:params/>
                    <con:element>data</con:element>
                </con:representation>
                <con:request name="Request 1" id="8b5061d1-caa1-47b3-9665-9d0b908e24fe" mediaType="application/json">
                    <con:settings/>
                    <con:endpoint>http://localhost:1234</con:endpoint>
                    <con:request/><con:credentials><con:selectedAuthProfile>No Authorization</con:selectedAuthProfile><con:authType>No Authorization</con:authType></con:credentials><con:jmsConfig JMSDeliveryMode="PERSISTENT"/><con:parameters/>
                </con:request>
            </con:method>
        </con:resource>
    </con:interface>
    <con:testSuite id="ec338374-8e12-4fea-8b04-9c3a9fd5dd82" name="http://localhost:1234 TestSuite">
        <con:settings/>
        <con:savedRecentRuns>1</con:savedRecentRuns><con:runType>SEQUENTIAL</con:runType>
        <con:testCase id="de46c96c-7ac7-4270-b19e-acf2e78d1e0b" discardOkResults="true" failOnError="true" failTestCaseOnErrors="true" keepSession="false" name="http://localhost:1234 TestCase 1" searchProperties="true" timeout="0">
            <con:settings/>
            <con:testStep type="restrequest" name="Request 1" id="b505e01f-bade-4f77-8e40-c43287b79b55">
                <con:settings/>
                <con:config service="http://localhost:1234" resourcePath="" methodName="" xsi:type="con:RestRequestStep" xmlns:xsi="http://www.w3.org/2001/XMLSchema-instance">
                    <con:restRequest name="Request 1" id="8b5061d1-caa1-47b3-9665-9d0b908e24fe" mediaType="application/json">
                        <con:settings>
                            <con:setting id="com.eviware.soapui.impl.wsdl.WsdlRequest@request-headers">&lt;xml-fragment/></con:setting>
                        </con:settings>
                        <con:endpoint>http://localhost:1234</con:endpoint>
                        <con:request/>
                        <con:originalUri>http://localhost/</con:originalUri>
                        <con:assertion type="Valid HTTP Status Codes" id="7ad86c41-5ed3-4c11-9822-c3ac8863b87b" name="Valid HTTP Status Codes">
                            <con:settings/>
                            <con:configuration><codes>200</codes></con:configuration>
                        </con:assertion>
                        
                        <con:credentials>
                            <con:selectedAuthProfile>No Authorization</con:selectedAuthProfile>
                            <con:authType>No Authorization</con:authType>
                        </con:credentials>
                        <con:jmsConfig JMSDeliveryMode="PERSISTENT"/>
                        <con:parameters/>
                    </con:restRequest>
                </con:config>
            </con:testStep>
            <con:properties/>
            <con:reportParameters/>
        <con:tagId>abe9acd0-5564-4873-988e-7a4d6d1ea46b</con:tagId></con:testCase>
        <con:properties/>
        <con:reportParameters/>
    <con:tagId>292f8c61-3442-45fc-b17f-f056d3b75ad8</con:tagId></con:testSuite>
    <con:properties/>
    <con:wssContainer/>
    <con:databaseConnectionContainer/>
    <con:jmsConnectionContainer/>
    <con:oAuth2ProfileContainer/>
    <con:oAuth1ProfileContainer/>
    <con:reporting>
        <con:xmlTemplates/>
        <con:parameters/>
    </con:reporting>
    <con:eventHandlers type="RequestFilter.filterRequest" name="RequestFilter.filterRequest">
        <con:script>// Sample event script to add custom HTTP header to all outgoing REST, SOAP and HTTP(S) calls
            // This code is often used for adding custom authentication to SoapUI Pro tests

            // If hardcoding the token, uncomment and change line 5
            // def token = '4567'

            // If your token is parameterized in Project level custom property, uncomment line 8
            // def token = request.parent.testCase.testSuite.project.getProperty('auth_token').getValue()

            // To modify all outgoing calls, remove comments from lines 11 to 16
            // def headers = request.requestHeaders
            // if (headers.containsKey('auth_token2') == false) {
            // headers.put('auth_token2', token)
            // request.requestHeaders = headers
            // }
        </con:script>
    </con:eventHandlers>
    <con:eventHandlers type="TestRunListener.afterStep" name="TestRunListener.afterStep">
        <con:script>// Save all test step results into files
            // Change the directory path in line 5 to a location where you want to store details
            // then uncomment lines 5 to 10

            // filePath = 'C:\\tempOutputDirectory\\'
            // fos = new FileOutputStream(filePath + testStepResult.testStep.label + '.txt', true)
            // pw = new PrintWriter(fos)
            // testStepResult.writeTo(pw)
            // pw.close()
            // fos.close()
        </con:script>
    </con:eventHandlers>
    <con:authRepository/>
    <con:tags><con:tag><con:id>abe9acd0-5564-4873-988e-7a4d6d1ea46b</con:id><con:name>testcasestagged</con:name></con:tag><con:tag><con:id>292f8c61-3442-45fc-b17f-f056d3b75ad8</con:id><con:name>testsuitestagged</con:name></con:tag></con:tags>
</con:soapui-project>